  stdafx.cpp
  Übung3.cpp
c:\users\tobia\documents\visual studio 2017\projects\swe_ws1718\übung3\übung3.cpp(15): error C2679: binary '<<': no operator found which takes a right-hand operand of type 'CPunkt' (or there is no acceptable conversion)
  c:\program files (x86)\microsoft visual studio\2017\enterprise\vc\tools\msvc\14.11.25503\include\ostream(488): note: could be 'std::basic_ostream<char,std::char_traits<char>> &std::basic_ostream<char,std::char_traits<char>>::operator <<(std::basic_streambuf<char,std::char_traits<char>> *)'
  c:\program files (x86)\microsoft visual studio\2017\enterprise\vc\tools\msvc\14.11.25503\include\ostream(468): note: or       'std::basic_ostream<char,std::char_traits<char>> &std::basic_ostream<char,std::char_traits<char>>::operator <<(const void *)'
  c:\program files (x86)\microsoft visual studio\2017\enterprise\vc\tools\msvc\14.11.25503\include\ostream(448): note: or       'std::basic_ostream<char,std::char_traits<char>> &std::basic_ostream<char,std::char_traits<char>>::operator <<(long double)'
  c:\program files (x86)\microsoft visual studio\2017\enterprise\vc\tools\msvc\14.11.25503\include\ostream(428): note: or       'std::basic_ostream<char,std::char_traits<char>> &std::basic_ostream<char,std::char_traits<char>>::operator <<(double)'
  c:\program files (x86)\microsoft visual studio\2017\enterprise\vc\tools\msvc\14.11.25503\include\ostream(408): note: or       'std::basic_ostream<char,std::char_traits<char>> &std::basic_ostream<char,std::char_traits<char>>::operator <<(float)'
  c:\program files (x86)\microsoft visual studio\2017\enterprise\vc\tools\msvc\14.11.25503\include\ostream(388): note: or       'std::basic_ostream<char,std::char_traits<char>> &std::basic_ostream<char,std::char_traits<char>>::operator <<(unsigned __int64)'
  c:\program files (x86)\microsoft visual studio\2017\enterprise\vc\tools\msvc\14.11.25503\include\ostream(368): note: or       'std::basic_ostream<char,std::char_traits<char>> &std::basic_ostream<char,std::char_traits<char>>::operator <<(__int64)'
  c:\program files (x86)\microsoft visual studio\2017\enterprise\vc\tools\msvc\14.11.25503\include\ostream(348): note: or       'std::basic_ostream<char,std::char_traits<char>> &std::basic_ostream<char,std::char_traits<char>>::operator <<(unsigned long)'
  c:\program files (x86)\microsoft visual studio\2017\enterprise\vc\tools\msvc\14.11.25503\include\ostream(328): note: or       'std::basic_ostream<char,std::char_traits<char>> &std::basic_ostream<char,std::char_traits<char>>::operator <<(long)'
  c:\program files (x86)\microsoft visual studio\2017\enterprise\vc\tools\msvc\14.11.25503\include\ostream(308): note: or       'std::basic_ostream<char,std::char_traits<char>> &std::basic_ostream<char,std::char_traits<char>>::operator <<(unsigned int)'
  c:\program files (x86)\microsoft visual studio\2017\enterprise\vc\tools\msvc\14.11.25503\include\ostream(283): note: or       'std::basic_ostream<char,std::char_traits<char>> &std::basic_ostream<char,std::char_traits<char>>::operator <<(int)'
  c:\program files (x86)\microsoft visual studio\2017\enterprise\vc\tools\msvc\14.11.25503\include\ostream(263): note: or       'std::basic_ostream<char,std::char_traits<char>> &std::basic_ostream<char,std::char_traits<char>>::operator <<(unsigned short)'
  c:\program files (x86)\microsoft visual studio\2017\enterprise\vc\tools\msvc\14.11.25503\include\ostream(229): note: or       'std::basic_ostream<char,std::char_traits<char>> &std::basic_ostream<char,std::char_traits<char>>::operator <<(short)'
  c:\program files (x86)\microsoft visual studio\2017\enterprise\vc\tools\msvc\14.11.25503\include\ostream(209): note: or       'std::basic_ostream<char,std::char_traits<char>> &std::basic_ostream<char,std::char_traits<char>>::operator <<(bool)'
  c:\program files (x86)\microsoft visual studio\2017\enterprise\vc\tools\msvc\14.11.25503\include\ostream(203): note: or       'std::basic_ostream<char,std::char_traits<char>> &std::basic_ostream<char,std::char_traits<char>>::operator <<(std::ios_base &(__cdecl *)(std::ios_base &))'
  c:\program files (x86)\microsoft visual studio\2017\enterprise\vc\tools\msvc\14.11.25503\include\ostream(197): note: or       'std::basic_ostream<char,std::char_traits<char>> &std::basic_ostream<char,std::char_traits<char>>::operator <<(std::basic_ios<char,std::char_traits<char>> &(__cdecl *)(std::basic_ios<char,std::char_traits<char>> &))'
  c:\program files (x86)\microsoft visual studio\2017\enterprise\vc\tools\msvc\14.11.25503\include\ostream(192): note: or       'std::basic_ostream<char,std::char_traits<char>> &std::basic_ostream<char,std::char_traits<char>>::operator <<(std::basic_ostream<char,std::char_traits<char>> &(__cdecl *)(std::basic_ostream<char,std::char_traits<char>> &))'
  c:\program files (x86)\microsoft visual studio\2017\enterprise\vc\tools\msvc\14.11.25503\include\ostream(1011): note: or       'std::basic_ostream<char,std::char_traits<char>> &std::operator <<<char,std::char_traits<char>>(std::basic_ostream<char,std::char_traits<char>> &,const std::error_code &)'
  c:\program files (x86)\microsoft visual studio\2017\enterprise\vc\tools\msvc\14.11.25503\include\ostream(973): note: or       'std::basic_ostream<char,std::char_traits<char>> &std::operator <<<char,std::char_traits<char>,CPunkt>(std::basic_ostream<char,std::char_traits<char>> &&,const _Ty &)'
          with
          [
              _Ty=CPunkt
          ]
  c:\program files (x86)\microsoft visual studio\2017\enterprise\vc\tools\msvc\14.11.25503\include\ostream(963): note: or       'std::basic_ostream<char,std::char_traits<char>> &std::operator <<<std::char_traits<char>>(std::basic_ostream<char,std::char_traits<char>> &,unsigned char)'
  c:\program files (x86)\microsoft visual studio\2017\enterprise\vc\tools\msvc\14.11.25503\include\ostream(956): note: or       'std::basic_ostream<char,std::char_traits<char>> &std::operator <<<std::char_traits<char>>(std::basic_ostream<char,std::char_traits<char>> &,const unsigned char *)'
  c:\program files (x86)\microsoft visual studio\2017\enterprise\vc\tools\msvc\14.11.25503\include\ostream(949): note: or       'std::basic_ostream<char,std::char_traits<char>> &std::operator <<<std::char_traits<char>>(std::basic_ostream<char,std::char_traits<char>> &,signed char)'
  c:\program files (x86)\microsoft visual studio\2017\enterprise\vc\tools\msvc\14.11.25503\include\ostream(942): note: or       'std::basic_ostream<char,std::char_traits<char>> &std::operator <<<std::char_traits<char>>(std::basic_ostream<char,std::char_traits<char>> &,const signed char *)'
  c:\program files (x86)\microsoft visual studio\2017\enterprise\vc\tools\msvc\14.11.25503\include\ostream(816): note: or       'std::basic_ostream<char,std::char_traits<char>> &std::operator <<<std::char_traits<char>>(std::basic_ostream<char,std::char_traits<char>> &,char)'
  c:\program files (x86)\microsoft visual studio\2017\enterprise\vc\tools\msvc\14.11.25503\include\ostream(769): note: or       'std::basic_ostream<char,std::char_traits<char>> &std::operator <<<std::char_traits<char>>(std::basic_ostream<char,std::char_traits<char>> &,const char *)'
  c:\program files (x86)\microsoft visual studio\2017\enterprise\vc\tools\msvc\14.11.25503\include\ostream(731): note: or       'std::basic_ostream<char,std::char_traits<char>> &std::operator <<<char,std::char_traits<char>>(std::basic_ostream<char,std::char_traits<char>> &,char)'
  c:\program files (x86)\microsoft visual studio\2017\enterprise\vc\tools\msvc\14.11.25503\include\ostream(684): note: or       'std::basic_ostream<char,std::char_traits<char>> &std::operator <<<char,std::char_traits<char>>(std::basic_ostream<char,std::char_traits<char>> &,const char *)'
  c:\users\tobia\documents\visual studio 2017\projects\swe_ws1718\übung3\übung3.cpp(15): note: while trying to match the argument list '(std::basic_ostream<char,std::char_traits<char>>, CPunkt)'
  Punkt.cpp
  Bauelement.cpp
c:\users\tobia\documents\visual studio 2017\projects\swe_ws1718\übung3\bauelement.cpp(5): error C2653: 'CBauelement': is not a class or namespace name
c:\users\tobia\documents\visual studio 2017\projects\swe_ws1718\übung3\bauelement.cpp(6): error C4430: missing type specifier - int assumed. Note: C++ does not support default-int
c:\users\tobia\documents\visual studio 2017\projects\swe_ws1718\übung3\bauelement.cpp(7): error C2550: 'CBauelement': constructor initializer lists are only allowed on constructor definitions
c:\users\tobia\documents\visual studio 2017\projects\swe_ws1718\übung3\bauelement.cpp(7): warning C4508: 'CBauelement': function should return a value; 'void' return type assumed
c:\users\tobia\documents\visual studio 2017\projects\swe_ws1718\übung3\bauelement.cpp(8): error C2653: 'CBauelement': is not a class or namespace name
c:\users\tobia\documents\visual studio 2017\projects\swe_ws1718\übung3\bauelement.cpp(8): error C2061: syntax error: identifier 'CPunkt'
c:\users\tobia\documents\visual studio 2017\projects\swe_ws1718\übung3\bauelement.cpp(9): error C4430: missing type specifier - int assumed. Note: C++ does not support default-int
c:\users\tobia\documents\visual studio 2017\projects\swe_ws1718\übung3\bauelement.cpp(9): error C2065: '_position': undeclared identifier
c:\users\tobia\documents\visual studio 2017\projects\swe_ws1718\übung3\bauelement.cpp(10): error C2550: 'CBauelement': constructor initializer lists are only allowed on constructor definitions
c:\users\tobia\documents\visual studio 2017\projects\swe_ws1718\übung3\bauelement.cpp(10): warning C4508: 'CBauelement': function should return a value; 'void' return type assumed
c:\users\tobia\documents\visual studio 2017\projects\swe_ws1718\übung3\bauelement.cpp(12): error C2653: 'CBauelement': is not a class or namespace name
c:\users\tobia\documents\visual studio 2017\projects\swe_ws1718\übung3\bauelement.cpp(13): error C4430: missing type specifier - int assumed. Note: C++ does not support default-int
c:\users\tobia\documents\visual studio 2017\projects\swe_ws1718\übung3\bauelement.cpp(13): error C2084: function 'int CBauelement(void)' already has a body
  c:\users\tobia\documents\visual studio 2017\projects\swe_ws1718\übung3\bauelement.cpp(5): note: see previous definition of 'CBauelement'
c:\users\tobia\documents\visual studio 2017\projects\swe_ws1718\übung3\bauelement.cpp(14): error C2653: 'CBauelement': is not a class or namespace name
c:\users\tobia\documents\visual studio 2017\projects\swe_ws1718\übung3\bauelement.cpp(16): error C2065: 'kosten': undeclared identifier
c:\users\tobia\documents\visual studio 2017\projects\swe_ws1718\übung3\bauelement.cpp(18): error C2653: 'CBauelement': is not a class or namespace name
c:\users\tobia\documents\visual studio 2017\projects\swe_ws1718\übung3\bauelement.cpp(18): error C2065: 'CPunkt': undeclared identifier
c:\users\tobia\documents\visual studio 2017\projects\swe_ws1718\übung3\bauelement.cpp(18): error C2146: syntax error: missing ')' before identifier '_position'
c:\users\tobia\documents\visual studio 2017\projects\swe_ws1718\übung3\bauelement.cpp(19): error C2143: syntax error: missing ';' before '{'
c:\users\tobia\documents\visual studio 2017\projects\swe_ws1718\übung3\bauelement.cpp(19): error C2447: '{': missing function header (old-style formal list?)
c:\users\tobia\documents\visual studio 2017\projects\swe_ws1718\übung3\bauelement.cpp(22): error C2653: 'CBauelement': is not a class or namespace name
c:\users\tobia\documents\visual studio 2017\projects\swe_ws1718\übung3\bauelement.cpp(24): error C2065: 'kosten': undeclared identifier
c:\users\tobia\documents\visual studio 2017\projects\swe_ws1718\übung3\bauelement.cpp(26): error C2653: 'CBauelement': is not a class or namespace name
c:\users\tobia\documents\visual studio 2017\projects\swe_ws1718\übung3\bauelement.cpp(26): error C4430: missing type specifier - int assumed. Note: C++ does not support default-int
c:\users\tobia\documents\visual studio 2017\projects\swe_ws1718\übung3\bauelement.cpp(26): error C2146: syntax error: missing ';' before identifier 'getPosition'
c:\users\tobia\documents\visual studio 2017\projects\swe_ws1718\übung3\bauelement.cpp(27): error C2143: syntax error: missing ';' before '{'
c:\users\tobia\documents\visual studio 2017\projects\swe_ws1718\übung3\bauelement.cpp(27): error C2447: '{': missing function header (old-style formal list?)
  Generating Code...
